2017-03-14 17:28:38 [127.0.0.1][-][-][error][yii\base\InvalidConfigException] exception 'yii\base\InvalidConfigException' with message 'Either GD PHP extension with FreeType support or ImageMagick PHP extension with PNG support is required.' in /home/abhi/php/www/physicsclasses/vendor/yiisoft/yii2/captcha/Captcha.php:179
Stack trace:
#0 /home/abhi/php/www/physicsclasses/vendor/yiisoft/yii2/captcha/Captcha.php(94): yii\captcha\Captcha::checkRequirements()
#1 /home/abhi/php/www/physicsclasses/vendor/yiisoft/yii2/base/Object.php(107): yii\captcha\Captcha->init()
#2 [internal function]: yii\base\Object->__construct(Array)
#3 /home/abhi/php/www/physicsclasses/vendor/yiisoft/yii2/di/Container.php(381): ReflectionClass->newInstanceArgs(Array)
#4 /home/abhi/php/www/physicsclasses/vendor/yiisoft/yii2/di/Container.php(156): yii\di\Container->build('yii\\captcha\\Cap...', Array, Array)
#5 /home/abhi/php/www/physicsclasses/vendor/yiisoft/yii2/BaseYii.php(344): yii\di\Container->get('yii\\captcha\\Cap...', Array, Array)
#6 /home/abhi/php/www/physicsclasses/vendor/yiisoft/yii2/base/Widget.php(136): yii\BaseYii::createObject(Array)
#7 /home/abhi/php/www/physicsclasses/vendor/yiisoft/yii2/widgets/ActiveField.php(725): yii\base\Widget::widget(Array)
#8 /home/abhi/php/www/physicsclasses/frontend/views/site/contact.php(35): yii\widgets\ActiveField->widget('yii\\captcha\\Cap...', Array)
#9 /home/abhi/php/www/physicsclasses/vendor/yiisoft/yii2/base/View.php(328): require('/home/abhi/php/...')
#10 /home/abhi/php/www/physicsclasses/vendor/yiisoft/yii2/base/View.php(250): yii\base\View->renderPhpFile('/home/abhi/php/...', Array)
#11 /home/abhi/php/www/physicsclasses/vendor/yiisoft/yii2/base/View.php(152): yii\base\View->renderFile('/home/abhi/php/...', Array, Object(frontend\controllers\SiteController))
#12 /home/abhi/php/www/physicsclasses/vendor/yiisoft/yii2/base/Controller.php(381): yii\base\View->render('contact', Array, Object(frontend\controllers\SiteController))
#13 /home/abhi/php/www/physicsclasses/frontend/controllers/SiteController.php(130): yii\base\Controller->render('contact', Array)
#14 [internal function]: frontend\controllers\SiteController->actionContact()
#15 /home/abhi/php/www/physicsclasses/vendor/yiisoft/yii2/base/InlineAction.php(57): call_user_func_array(Array, Array)
#16 /home/abhi/php/www/physicsclasses/vendor/yiisoft/yii2/base/Controller.php(156): yii\base\InlineAction->runWithParams(Array)
#17 /home/abhi/php/www/physicsclasses/vendor/yiisoft/yii2/base/Module.php(523): yii\base\Controller->runAction('contact', Array)
#18 /home/abhi/php/www/physicsclasses/vendor/yiisoft/yii2/web/Application.php(102): yii\base\Module->runAction('site/contact', Array)
#19 /home/abhi/php/www/physicsclasses/vendor/yiisoft/yii2/base/Application.php(380): yii\web\Application->handleRequest(Object(yii\web\Request))
#20 /home/abhi/php/www/physicsclasses/frontend/web/index.php(17): yii\base\Application->run()
#21 {main}
2017-03-14 17:28:38 [127.0.0.1][-][-][info][application] $_GET = [
    'r' => 'site/contact'
]

$_COOKIE = [
    'advanced-frontend' => 'gcmj4l4bvk85g1mvv0djqgeld6'
    '_csrf-frontend' => 'a98e385a67422f2b95e0c2f0b5b12ac4d16af824e9a9e16eae6f5a3f01fb9b94a:2:{i:0;s:14:\"_csrf-frontend\";i:1;s:32:\"wyDbTZyP-VDXhTEWuGIhqteBYykr1mWQ\";}'
]

$_SERVER = [
    'HTTP_HOST' => 'www.physicsclasses.com'
    'HTTP_CONNECTION' => 'keep-alive'
    'HTTP_UPGRADE_INSECURE_REQUESTS' => '1'
    'HTTP_USER_AGENT' => 'Mozilla/5.0 (X11; Linux x86_64) AppleWebKit/537.36 (KHTML, like Gecko) Chrome/54.0.2840.71 Safari/537.36'
    'HTTP_ACCEPT' => 'text/html,application/xhtml+xml,application/xml;q=0.9,image/webp,*/*;q=0.8'
    'HTTP_REFERER' => 'http://www.physicsclasses.com/index.php?r=site%2Fabout'
    'HTTP_ACCEPT_ENCODING' => 'gzip, deflate, sdch'
    'HTTP_ACCEPT_LANGUAGE' => 'en-US,en;q=0.8'
    'HTTP_COOKIE' => 'advanced-frontend=gcmj4l4bvk85g1mvv0djqgeld6; _csrf-frontend=a98e385a67422f2b95e0c2f0b5b12ac4d16af824e9a9e16eae6f5a3f01fb9b94a%3A2%3A%7Bi%3A0%3Bs%3A14%3A%22_csrf-frontend%22%3Bi%3A1%3Bs%3A32%3A%22wyDbTZyP-VDXhTEWuGIhqteBYykr1mWQ%22%3B%7D'
    'PATH' => '/usr/local/sbin:/usr/local/bin:/usr/sbin:/usr/bin:/sbin:/bin'
    'SERVER_SIGNATURE' => '<address>Apache/2.4.18 (Ubuntu) Server at www.physicsclasses.com Port 80</address>
'
    'SERVER_SOFTWARE' => 'Apache/2.4.18 (Ubuntu)'
    'SERVER_NAME' => 'www.physicsclasses.com'
    'SERVER_ADDR' => '127.0.0.1'
    'SERVER_PORT' => '80'
    'REMOTE_ADDR' => '127.0.0.1'
    'DOCUMENT_ROOT' => '/home/abhi/php/www/physicsclasses/frontend/web'
    'REQUEST_SCHEME' => 'http'
    'CONTEXT_PREFIX' => ''
    'CONTEXT_DOCUMENT_ROOT' => '/home/abhi/php/www/physicsclasses/frontend/web'
    'SERVER_ADMIN' => 'admin@example.com'
    'SCRIPT_FILENAME' => '/home/abhi/php/www/physicsclasses/frontend/web/index.php'
    'REMOTE_PORT' => '37818'
    'GATEWAY_INTERFACE' => 'CGI/1.1'
    'SERVER_PROTOCOL' => 'HTTP/1.1'
    'REQUEST_METHOD' => 'GET'
    'QUERY_STRING' => 'r=site%2Fcontact'
    'REQUEST_URI' => '/index.php?r=site%2Fcontact'
    'SCRIPT_NAME' => '/index.php'
    'PHP_SELF' => '/index.php'
    'REQUEST_TIME_FLOAT' => 1489512518.114
    'REQUEST_TIME' => 1489512518
]
2017-03-14 17:44:05 [127.0.0.1][-][-][error][yii\base\InvalidConfigException] exception 'yii\base\InvalidConfigException' with message 'Either GD PHP extension with FreeType support or ImageMagick PHP extension with PNG support is required.' in /home/abhi/php/www/physicsclasses/vendor/yiisoft/yii2/captcha/Captcha.php:179
Stack trace:
#0 /home/abhi/php/www/physicsclasses/vendor/yiisoft/yii2/captcha/Captcha.php(94): yii\captcha\Captcha::checkRequirements()
#1 /home/abhi/php/www/physicsclasses/vendor/yiisoft/yii2/base/Object.php(107): yii\captcha\Captcha->init()
#2 [internal function]: yii\base\Object->__construct(Array)
#3 /home/abhi/php/www/physicsclasses/vendor/yiisoft/yii2/di/Container.php(381): ReflectionClass->newInstanceArgs(Array)
#4 /home/abhi/php/www/physicsclasses/vendor/yiisoft/yii2/di/Container.php(156): yii\di\Container->build('yii\\captcha\\Cap...', Array, Array)
#5 /home/abhi/php/www/physicsclasses/vendor/yiisoft/yii2/BaseYii.php(344): yii\di\Container->get('yii\\captcha\\Cap...', Array, Array)
#6 /home/abhi/php/www/physicsclasses/vendor/yiisoft/yii2/base/Widget.php(136): yii\BaseYii::createObject(Array)
#7 /home/abhi/php/www/physicsclasses/vendor/yiisoft/yii2/widgets/ActiveField.php(725): yii\base\Widget::widget(Array)
#8 /home/abhi/php/www/physicsclasses/frontend/views/site/contact.php(35): yii\widgets\ActiveField->widget('yii\\captcha\\Cap...', Array)
#9 /home/abhi/php/www/physicsclasses/vendor/yiisoft/yii2/base/View.php(328): require('/home/abhi/php/...')
#10 /home/abhi/php/www/physicsclasses/vendor/yiisoft/yii2/base/View.php(250): yii\base\View->renderPhpFile('/home/abhi/php/...', Array)
#11 /home/abhi/php/www/physicsclasses/vendor/yiisoft/yii2/base/View.php(152): yii\base\View->renderFile('/home/abhi/php/...', Array, Object(frontend\controllers\SiteController))
#12 /home/abhi/php/www/physicsclasses/vendor/yiisoft/yii2/base/Controller.php(381): yii\base\View->render('contact', Array, Object(frontend\controllers\SiteController))
#13 /home/abhi/php/www/physicsclasses/frontend/controllers/SiteController.php(130): yii\base\Controller->render('contact', Array)
#14 [internal function]: frontend\controllers\SiteController->actionContact()
#15 /home/abhi/php/www/physicsclasses/vendor/yiisoft/yii2/base/InlineAction.php(57): call_user_func_array(Array, Array)
#16 /home/abhi/php/www/physicsclasses/vendor/yiisoft/yii2/base/Controller.php(156): yii\base\InlineAction->runWithParams(Array)
#17 /home/abhi/php/www/physicsclasses/vendor/yiisoft/yii2/base/Module.php(523): yii\base\Controller->runAction('contact', Array)
#18 /home/abhi/php/www/physicsclasses/vendor/yiisoft/yii2/web/Application.php(102): yii\base\Module->runAction('site/contact', Array)
#19 /home/abhi/php/www/physicsclasses/vendor/yiisoft/yii2/base/Application.php(380): yii\web\Application->handleRequest(Object(yii\web\Request))
#20 /home/abhi/php/www/physicsclasses/frontend/web/index.php(17): yii\base\Application->run()
#21 {main}
2017-03-14 17:44:05 [127.0.0.1][-][-][info][application] $_GET = [
    'r' => 'site/contact'
]

$_COOKIE = [
    'advanced-frontend' => 'gcmj4l4bvk85g1mvv0djqgeld6'
    '_csrf-frontend' => 'a98e385a67422f2b95e0c2f0b5b12ac4d16af824e9a9e16eae6f5a3f01fb9b94a:2:{i:0;s:14:\"_csrf-frontend\";i:1;s:32:\"wyDbTZyP-VDXhTEWuGIhqteBYykr1mWQ\";}'
]

$_SERVER = [
    'HTTP_HOST' => 'www.physicsclasses.com'
    'HTTP_CONNECTION' => 'keep-alive'
    'HTTP_UPGRADE_INSECURE_REQUESTS' => '1'
    'HTTP_USER_AGENT' => 'Mozilla/5.0 (X11; Linux x86_64) AppleWebKit/537.36 (KHTML, like Gecko) Chrome/54.0.2840.71 Safari/537.36'
    'HTTP_ACCEPT' => 'text/html,application/xhtml+xml,application/xml;q=0.9,image/webp,*/*;q=0.8'
    'HTTP_REFERER' => 'http://www.physicsclasses.com/login'
    'HTTP_ACCEPT_ENCODING' => 'gzip, deflate, sdch'
    'HTTP_ACCEPT_LANGUAGE' => 'en-US,en;q=0.8'
    'HTTP_COOKIE' => 'advanced-frontend=gcmj4l4bvk85g1mvv0djqgeld6; _csrf-frontend=a98e385a67422f2b95e0c2f0b5b12ac4d16af824e9a9e16eae6f5a3f01fb9b94a%3A2%3A%7Bi%3A0%3Bs%3A14%3A%22_csrf-frontend%22%3Bi%3A1%3Bs%3A32%3A%22wyDbTZyP-VDXhTEWuGIhqteBYykr1mWQ%22%3B%7D'
    'PATH' => '/usr/local/sbin:/usr/local/bin:/usr/sbin:/usr/bin:/sbin:/bin'
    'SERVER_SIGNATURE' => '<address>Apache/2.4.18 (Ubuntu) Server at www.physicsclasses.com Port 80</address>
'
    'SERVER_SOFTWARE' => 'Apache/2.4.18 (Ubuntu)'
    'SERVER_NAME' => 'www.physicsclasses.com'
    'SERVER_ADDR' => '127.0.0.1'
    'SERVER_PORT' => '80'
    'REMOTE_ADDR' => '127.0.0.1'
    'DOCUMENT_ROOT' => '/home/abhi/php/www/physicsclasses/frontend/web'
    'REQUEST_SCHEME' => 'http'
    'CONTEXT_PREFIX' => ''
    'CONTEXT_DOCUMENT_ROOT' => '/home/abhi/php/www/physicsclasses/frontend/web'
    'SERVER_ADMIN' => 'admin@example.com'
    'SCRIPT_FILENAME' => '/home/abhi/php/www/physicsclasses/frontend/web/index.php'
    'REMOTE_PORT' => '38598'
    'GATEWAY_INTERFACE' => 'CGI/1.1'
    'SERVER_PROTOCOL' => 'HTTP/1.1'
    'REQUEST_METHOD' => 'GET'
    'QUERY_STRING' => 'r=site%2Fcontact'
    'REQUEST_URI' => '/index.php?r=site%2Fcontact'
    'SCRIPT_NAME' => '/index.php'
    'PHP_SELF' => '/index.php'
    'REQUEST_TIME_FLOAT' => 1489513445.106
    'REQUEST_TIME' => 1489513445
]
2017-03-15 18:20:35 [127.0.0.1][-][-][error][yii\base\InvalidConfigException] exception 'yii\base\InvalidConfigException' with message 'Either GD PHP extension with FreeType support or ImageMagick PHP extension with PNG support is required.' in /home/abhi/php/www/physicsclasses/vendor/yiisoft/yii2/captcha/Captcha.php:179
Stack trace:
#0 /home/abhi/php/www/physicsclasses/vendor/yiisoft/yii2/captcha/Captcha.php(94): yii\captcha\Captcha::checkRequirements()
#1 /home/abhi/php/www/physicsclasses/vendor/yiisoft/yii2/base/Object.php(107): yii\captcha\Captcha->init()
#2 [internal function]: yii\base\Object->__construct(Array)
#3 /home/abhi/php/www/physicsclasses/vendor/yiisoft/yii2/di/Container.php(381): ReflectionClass->newInstanceArgs(Array)
#4 /home/abhi/php/www/physicsclasses/vendor/yiisoft/yii2/di/Container.php(156): yii\di\Container->build('yii\\captcha\\Cap...', Array, Array)
#5 /home/abhi/php/www/physicsclasses/vendor/yiisoft/yii2/BaseYii.php(344): yii\di\Container->get('yii\\captcha\\Cap...', Array, Array)
#6 /home/abhi/php/www/physicsclasses/vendor/yiisoft/yii2/base/Widget.php(136): yii\BaseYii::createObject(Array)
#7 /home/abhi/php/www/physicsclasses/vendor/yiisoft/yii2/widgets/ActiveField.php(725): yii\base\Widget::widget(Array)
#8 /home/abhi/php/www/physicsclasses/frontend/views/site/contact.php(35): yii\widgets\ActiveField->widget('yii\\captcha\\Cap...', Array)
#9 /home/abhi/php/www/physicsclasses/vendor/yiisoft/yii2/base/View.php(328): require('/home/abhi/php/...')
#10 /home/abhi/php/www/physicsclasses/vendor/yiisoft/yii2/base/View.php(250): yii\base\View->renderPhpFile('/home/abhi/php/...', Array)
#11 /home/abhi/php/www/physicsclasses/vendor/yiisoft/yii2/base/View.php(152): yii\base\View->renderFile('/home/abhi/php/...', Array, Object(frontend\controllers\SiteController))
#12 /home/abhi/php/www/physicsclasses/vendor/yiisoft/yii2/base/Controller.php(381): yii\base\View->render('contact', Array, Object(frontend\controllers\SiteController))
#13 /home/abhi/php/www/physicsclasses/frontend/controllers/SiteController.php(130): yii\base\Controller->render('contact', Array)
#14 [internal function]: frontend\controllers\SiteController->actionContact()
#15 /home/abhi/php/www/physicsclasses/vendor/yiisoft/yii2/base/InlineAction.php(57): call_user_func_array(Array, Array)
#16 /home/abhi/php/www/physicsclasses/vendor/yiisoft/yii2/base/Controller.php(156): yii\base\InlineAction->runWithParams(Array)
#17 /home/abhi/php/www/physicsclasses/vendor/yiisoft/yii2/base/Module.php(523): yii\base\Controller->runAction('contact', Array)
#18 /home/abhi/php/www/physicsclasses/vendor/yiisoft/yii2/web/Application.php(102): yii\base\Module->runAction('site/contact', Array)
#19 /home/abhi/php/www/physicsclasses/vendor/yiisoft/yii2/base/Application.php(380): yii\web\Application->handleRequest(Object(yii\web\Request))
#20 /home/abhi/php/www/physicsclasses/frontend/web/index.php(17): yii\base\Application->run()
#21 {main}
2017-03-15 18:20:35 [127.0.0.1][-][-][info][application] $_COOKIE = [
    'advanced-frontend' => '31jdvttt31u6fikolvsksj23r2'
    '_csrf-frontend' => '82dbc78b84ca5db3aab722f7c37ddc31e81fbf2c4a3e9ad311f318cba25bbd05a:2:{i:0;s:14:\"_csrf-frontend\";i:1;s:32:\"XrEq1dkyqZxvNemDBerByIwQp9T3JO6Z\";}'
]

$_SERVER = [
    'REDIRECT_STATUS' => '200'
    'HTTP_HOST' => 'www.physicsclasses.com'
    'HTTP_CONNECTION' => 'keep-alive'
    'HTTP_UPGRADE_INSECURE_REQUESTS' => '1'
    'HTTP_USER_AGENT' => 'Mozilla/5.0 (X11; Linux x86_64) AppleWebKit/537.36 (KHTML, like Gecko) Chrome/54.0.2840.71 Safari/537.36'
    'HTTP_ACCEPT' => 'text/html,application/xhtml+xml,application/xml;q=0.9,image/webp,*/*;q=0.8'
    'HTTP_REFERER' => 'http://www.physicsclasses.com/site/about'
    'HTTP_ACCEPT_ENCODING' => 'gzip, deflate, sdch'
    'HTTP_ACCEPT_LANGUAGE' => 'en-US,en;q=0.8'
    'HTTP_COOKIE' => 'advanced-frontend=31jdvttt31u6fikolvsksj23r2; _csrf-frontend=82dbc78b84ca5db3aab722f7c37ddc31e81fbf2c4a3e9ad311f318cba25bbd05a%3A2%3A%7Bi%3A0%3Bs%3A14%3A%22_csrf-frontend%22%3Bi%3A1%3Bs%3A32%3A%22XrEq1dkyqZxvNemDBerByIwQp9T3JO6Z%22%3B%7D'
    'PATH' => '/usr/local/sbin:/usr/local/bin:/usr/sbin:/usr/bin:/sbin:/bin'
    'SERVER_SIGNATURE' => '<address>Apache/2.4.18 (Ubuntu) Server at www.physicsclasses.com Port 80</address>
'
    'SERVER_SOFTWARE' => 'Apache/2.4.18 (Ubuntu)'
    'SERVER_NAME' => 'www.physicsclasses.com'
    'SERVER_ADDR' => '127.0.0.1'
    'SERVER_PORT' => '80'
    'REMOTE_ADDR' => '127.0.0.1'
    'DOCUMENT_ROOT' => '/home/abhi/php/www/physicsclasses/frontend/web'
    'REQUEST_SCHEME' => 'http'
    'CONTEXT_PREFIX' => ''
    'CONTEXT_DOCUMENT_ROOT' => '/home/abhi/php/www/physicsclasses/frontend/web'
    'SERVER_ADMIN' => 'admin@example.com'
    'SCRIPT_FILENAME' => '/home/abhi/php/www/physicsclasses/frontend/web/index.php'
    'REMOTE_PORT' => '46600'
    'REDIRECT_URL' => '/site/contact'
    'GATEWAY_INTERFACE' => 'CGI/1.1'
    'SERVER_PROTOCOL' => 'HTTP/1.1'
    'REQUEST_METHOD' => 'GET'
    'QUERY_STRING' => ''
    'REQUEST_URI' => '/site/contact'
    'SCRIPT_NAME' => '/index.php'
    'PATH_INFO' => '/site/contact'
    'PATH_TRANSLATED' => 'redirect:/index.php/site/contact/contact'
    'PHP_SELF' => '/index.php/site/contact'
    'REQUEST_TIME_FLOAT' => 1489602035.031
    'REQUEST_TIME' => 1489602035
]
